\BOOKMARK [1][-]{section*.1}{\376\377\000A\000b\000s\000t\000r\000a\000c\000t}{}% 1
\BOOKMARK [1][-]{section.1}{\376\377\0001\000\040\000I\000n\000t\000r\000o\000d\000u\000c\000t\000i\000o\000n}{}% 2
\BOOKMARK [1][-]{section.2}{\376\377\0002\000\040\000T\000e\000m\000p\000l\000a\000t\000e\000\040\000O\000v\000e\000r\000v\000i\000e\000w}{}% 3
\BOOKMARK [2][-]{subsection.2.1}{\376\377\0002\000.\0001\000\040\000T\000e\000m\000p\000l\000a\000t\000e\000\040\000S\000t\000y\000l\000e\000s}{section.2}% 4
\BOOKMARK [2][-]{subsection.2.2}{\376\377\0002\000.\0002\000\040\000T\000e\000m\000p\000l\000a\000t\000e\000\040\000P\000a\000r\000a\000m\000e\000t\000e\000r\000s}{section.2}% 5
\BOOKMARK [1][-]{section.3}{\376\377\0003\000\040\000M\000o\000d\000i\000f\000i\000c\000a\000t\000i\000o\000n\000s}{}% 6
\BOOKMARK [1][-]{section.4}{\376\377\0004\000\040\000T\000y\000p\000e\000f\000a\000c\000e\000s}{}% 7
\BOOKMARK [1][-]{section.5}{\376\377\0005\000\040\000T\000i\000t\000l\000e\000\040\000I\000n\000f\000o\000r\000m\000a\000t\000i\000o\000n}{}% 8
\BOOKMARK [1][-]{section.6}{\376\377\0006\000\040\000A\000u\000t\000h\000o\000r\000s\000\040\000a\000n\000d\000\040\000A\000f\000f\000i\000l\000i\000a\000t\000i\000o\000n\000s}{}% 9
\BOOKMARK [1][-]{section.7}{\376\377\0007\000\040\000R\000i\000g\000h\000t\000s\000\040\000I\000n\000f\000o\000r\000m\000a\000t\000i\000o\000n}{}% 10
\BOOKMARK [1][-]{section.8}{\376\377\0008\000\040\000C\000C\000S\000\040\000C\000o\000n\000c\000e\000p\000t\000s\000\040\000a\000n\000d\000\040\000U\000s\000e\000r\000-\000D\000e\000f\000i\000n\000e\000d\000\040\000K\000e\000y\000w\000o\000r\000d\000s}{}% 11
\BOOKMARK [1][-]{section.9}{\376\377\0009\000\040\000S\000e\000c\000t\000i\000o\000n\000i\000n\000g\000\040\000C\000o\000m\000m\000a\000n\000d\000s}{}% 12
\BOOKMARK [1][-]{section.10}{\376\377\0001\0000\000\040\000T\000a\000b\000l\000e\000s}{}% 13
\BOOKMARK [1][-]{section.11}{\376\377\0001\0001\000\040\000M\000a\000t\000h\000\040\000E\000q\000u\000a\000t\000i\000o\000n\000s}{}% 14
\BOOKMARK [2][-]{subsection.11.1}{\376\377\0001\0001\000.\0001\000\040\000I\000n\000l\000i\000n\000e\000\040\000\050\000I\000n\000-\000t\000e\000x\000t\000\051\000\040\000E\000q\000u\000a\000t\000i\000o\000n\000s}{section.11}% 15
\BOOKMARK [2][-]{subsection.11.2}{\376\377\0001\0001\000.\0002\000\040\000D\000i\000s\000p\000l\000a\000y\000\040\000E\000q\000u\000a\000t\000i\000o\000n\000s}{section.11}% 16
\BOOKMARK [1][-]{section.12}{\376\377\0001\0002\000\040\000F\000i\000g\000u\000r\000e\000s}{}% 17
\BOOKMARK [2][-]{subsection.12.1}{\376\377\0001\0002\000.\0001\000\040\000T\000h\000e\000\040\000`\000`\000T\000e\000a\000s\000e\000r\000\040\000F\000i\000g\000u\000r\000e\000'\000'}{section.12}% 18
\BOOKMARK [1][-]{section.13}{\376\377\0001\0003\000\040\000C\000i\000t\000a\000t\000i\000o\000n\000s\000\040\000a\000n\000d\000\040\000B\000i\000b\000l\000i\000o\000g\000r\000a\000p\000h\000i\000e\000s}{}% 19
\BOOKMARK [1][-]{section.14}{\376\377\0001\0004\000\040\000A\000c\000k\000n\000o\000w\000l\000e\000d\000g\000m\000e\000n\000t\000s}{}% 20
\BOOKMARK [1][-]{section*.5}{\376\377\000A\000c\000k\000n\000o\000w\000l\000e\000d\000g\000m\000e\000n\000t\000s}{}% 21
\BOOKMARK [1][-]{section*.7}{\376\377\000R\000e\000f\000e\000r\000e\000n\000c\000e\000s}{}% 22
